# JRE version: OpenJDK Runtime Environment Temurin-21.0.6+7 (21.0.6+7) (build 21.0.6+7-LTS)
# Java VM: OpenJDK 64-Bit Server VM Temurin-21.0.6+7 (21.0.6+7-LTS, mixed mode, emulated-client, sharing, tiered, compressed oops, compressed class ptrs, g1 gc, windows-amd64)
GC Precious Log:
 CardTable entry size: 512
 Card Set container configuration: InlinePtr #cards 5 size 8 Array Of Cards #cards 12 size 40 Howl #buckets 4 coarsen threshold 1843 Howl Bitmap #cards 512 size 80 coarsen threshold 460 Card regions per heap region 1 cards per card region 2048
 CPUs: 4 total, 4 available
 Memory: 16265M
 Large Page Support: Disabled
 NUMA Support: Disabled
 Compressed Oops: Enabled (32-bit)
 Heap Region Size: 1M
 Heap Min Capacity: 8M
 Heap Initial Capacity: 256M
 Heap Max Capacity: 1G
 Pre-touch: Disabled
 Parallel Workers: 4
 Concurrent Workers: 1
 Concurrent Refinement Workers: 4
 Periodic GC: Disabled
Heap:
 garbage-first heap   total 97280K, used 45624K [0x00000000c0000000, 0x0000000100000000)
  region size 1024K, 1 young (1024K), 0 survivors (0K)
 Metaspace       used 55174K, committed 56256K, reserved 1114112K
  class space    used 6793K, committed 7296K, reserved 1048576K
GC Heap History (20 events):
Event: 4419.254 GC heap after
{Heap after GC invocations=426 (full 408):
 garbage-first heap   total 97280K, used 45624K [0x00000000c0000000, 0x0000000100000000)
  region size 1024K, 0 young (0K), 0 survivors (0K)
 Metaspace       used 55174K, committed 56256K, reserved 1114112K
  class space    used 6793K, committed 7296K, reserved 1048576K
}
Event: 4429.403 GC heap before
{Heap before GC invocations=426 (full 408):
 garbage-first heap   total 97280K, used 45624K [0x00000000c0000000, 0x0000000100000000)
  region size 1024K, 1 young (1024K), 0 survivors (0K)
 Metaspace       used 55174K, committed 56256K, reserved 1114112K
  class space    used 6793K, committed 7296K, reserved 1048576K
}
Event: 4429.451 GC heap after
{Heap after GC invocations=427 (full 409):
 garbage-first heap   total 97280K, used 45624K [0x00000000c0000000, 0x0000000100000000)
  region size 1024K, 0 young (0K), 0 survivors (0K)
 Metaspace       used 55174K, committed 56256K, reserved 1114112K
  class space    used 6793K, committed 7296K, reserved 1048576K
}
Event: 4439.576 GC heap before
{Heap before GC invocations=427 (full 409):
 garbage-first heap   total 97280K, used 45624K [0x00000000c0000000, 0x0000000100000000)
  region size 1024K, 1 young (1024K), 0 survivors (0K)
 Metaspace       used 55174K, committed 56256K, reserved 1114112K
  class space    used 6793K, committed 7296K, reserved 1048576K
}
Event: 4439.612 GC heap after
{Heap after GC invocations=428 (full 410):
 garbage-first heap   total 97280K, used 45624K [0x00000000c0000000, 0x0000000100000000)
  region size 1024K, 0 young (0K), 0 survivors (0K)
 Metaspace       used 55174K, committed 56256K, reserved 1114112K
  class space    used 6793K, committed 7296K, reserved 1048576K
}
Event: 4449.758 GC heap before
{Heap before GC invocations=428 (full 410):
 garbage-first heap   total 97280K, used 45624K [0x00000000c0000000, 0x0000000100000000)
  region size 1024K, 1 young (1024K), 0 survivors (0K)
 Metaspace       used 55174K, committed 56256K, reserved 1114112K
  class space    used 6793K, committed 7296K, reserved 1048576K
}
Event: 4449.795 GC heap after
{Heap after GC invocations=429 (full 411):
 garbage-first heap   total 97280K, used 45624K [0x00000000c0000000, 0x0000000100000000)
  region size 1024K, 0 young (0K), 0 survivors (0K)
 Metaspace       used 55174K, committed 56256K, reserved 1114112K
  class space    used 6793K, committed 7296K, reserved 1048576K
}
Event: 4459.937 GC heap before
{Heap before GC invocations=429 (full 411):
 garbage-first heap   total 97280K, used 45624K [0x00000000c0000000, 0x0000000100000000)
  region size 1024K, 1 young (1024K), 0 survivors (0K)
 Metaspace       used 55174K, committed 56256K, reserved 1114112K
  class space    used 6793K, committed 7296K, reserved 1048576K
}
Event: 4459.983 GC heap after
{Heap after GC invocations=430 (full 412):
 garbage-first heap   total 97280K, used 45624K [0x00000000c0000000, 0x0000000100000000)
  region size 1024K, 0 young (0K), 0 survivors (0K)
 Metaspace       used 55174K, committed 56256K, reserved 1114112K
  class space    used 6793K, committed 7296K, reserved 1048576K
}
Event: 4470.121 GC heap before
{Heap before GC invocations=430 (full 412):
 garbage-first heap   total 97280K, used 45624K [0x00000000c0000000, 0x0000000100000000)
  region size 1024K, 1 young (1024K), 0 survivors (0K)
 Metaspace       used 55174K, committed 56256K, reserved 1114112K
  class space    used 6793K, committed 7296K, reserved 1048576K
}
Event: 4470.159 GC heap after
{Heap after GC invocations=431 (full 413):
 garbage-first heap   total 97280K, used 45624K [0x00000000c0000000, 0x0000000100000000)
  region size 1024K, 0 young (0K), 0 survivors (0K)
 Metaspace       used 55174K, committed 56256K, reserved 1114112K
  class space    used 6793K, committed 7296K, reserved 1048576K
}
Event: 4480.313 GC heap before
{Heap before GC invocations=431 (full 413):
 garbage-first heap   total 97280K, used 45624K [0x00000000c0000000, 0x0000000100000000)
  region size 1024K, 1 young (1024K), 0 survivors (0K)
 Metaspace       used 55174K, committed 56256K, reserved 1114112K
  class space    used 6793K, committed 7296K, reserved 1048576K
}
Event: 4480.364 GC heap after
{Heap after GC invocations=432 (full 414):
 garbage-first heap   total 97280K, used 45624K [0x00000000c0000000, 0x0000000100000000)
  region size 1024K, 0 young (0K), 0 survivors (0K)
 Metaspace       used 55174K, committed 56256K, reserved 1114112K
  class space    used 6793K, committed 7296K, reserved 1048576K
}
Event: 4490.501 GC heap before
{Heap before GC invocations=432 (full 414):
 garbage-first heap   total 97280K, used 45624K [0x00000000c0000000, 0x0000000100000000)
  region size 1024K, 1 young (1024K), 0 survivors (0K)
 Metaspace       used 55174K, committed 56256K, reserved 1114112K
  class space    used 6793K, committed 7296K, reserved 1048576K
}
Event: 4490.548 GC heap after
{Heap after GC invocations=433 (full 415):
 garbage-first heap   total 97280K, used 45624K [0x00000000c0000000, 0x0000000100000000)
  region size 1024K, 0 young (0K), 0 survivors (0K)
 Metaspace       used 55174K, committed 56256K, reserved 1114112K
  class space    used 6793K, committed 7296K, reserved 1048576K
}
Event: 4500.686 GC heap before
{Heap before GC invocations=433 (full 415):
 garbage-first heap   total 97280K, used 45624K [0x00000000c0000000, 0x0000000100000000)
  region size 1024K, 1 young (1024K), 0 survivors (0K)
 Metaspace       used 55174K, committed 56256K, reserved 1114112K
  class space    used 6793K, committed 7296K, reserved 1048576K
}
Event: 4500.722 GC heap after
{Heap after GC invocations=434 (full 416):
 garbage-first heap   total 97280K, used 45624K [0x00000000c0000000, 0x0000000100000000)
  region size 1024K, 0 young (0K), 0 survivors (0K)
 Metaspace       used 55174K, committed 56256K, reserved 1114112K
  class space    used 6793K, committed 7296K, reserved 1048576K
}
Event: 4510.870 GC heap before
{Heap before GC invocations=434 (full 416):
 garbage-first heap   total 97280K, used 45624K [0x00000000c0000000, 0x0000000100000000)
  region size 1024K, 1 young (1024K), 0 survivors (0K)
 Metaspace       used 55174K, committed 56256K, reserved 1114112K
  class space    used 6793K, committed 7296K, reserved 1048576K
}
Event: 4510.918 GC heap after
{Heap after GC invocations=435 (full 417):
 garbage-first heap   total 97280K, used 45624K [0x00000000c0000000, 0x0000000100000000)
  region size 1024K, 0 young (0K), 0 survivors (0K)
 Metaspace       used 55174K, committed 56256K, reserved 1114112K
  class space    used 6793K, committed 7296K, reserved 1048576K
}
Event: 4530.941 GC heap before
{Heap before GC invocations=435 (full 417):
 garbage-first heap   total 97280K, used 45624K [0x00000000c0000000, 0x0000000100000000)
  region size 1024K, 1 young (1024K), 0 survivors (0K)
 Metaspace       used 55174K, committed 56256K, reserved 1114112K
  class space    used 6793K, committed 7296K, reserved 1048576K
}

