# JRE version: OpenJDK Runtime Environment Temurin-21.0.6+7 (21.0.6+7) (build 21.0.6+7-LTS)
# Java VM: OpenJDK 64-Bit Server VM Temurin-21.0.6+7 (21.0.6+7-LTS, mixed mode, emulated-client, sharing, tiered, compressed oops, compressed class ptrs, g1 gc, windows-amd64)
GC Precious Log:
 CardTable entry size: 512
 Card Set container configuration: InlinePtr #cards 5 size 8 Array Of Cards #cards 12 size 40 Howl #buckets 4 coarsen threshold 1843 Howl Bitmap #cards 512 size 80 coarsen threshold 460 Card regions per heap region 1 cards per card region 2048
 CPUs: 4 total, 4 available
 Memory: 16265M
 Large Page Support: Disabled
 NUMA Support: Disabled
 Compressed Oops: Enabled (32-bit)
 Heap Region Size: 1M
 Heap Min Capacity: 8M
 Heap Initial Capacity: 256M
 Heap Max Capacity: 1G
 Pre-touch: Disabled
 Parallel Workers: 4
 Concurrent Workers: 1
 Concurrent Refinement Workers: 4
 Periodic GC: Disabled
Heap:
 garbage-first heap   total 80896K, used 35473K [0x00000000c0000000, 0x0000000100000000)
  region size 1024K, 1 young (1024K), 0 survivors (0K)
 Metaspace       used 55517K, committed 56768K, reserved 1114112K
  class space    used 6801K, committed 7296K, reserved 1048576K
GC Heap History (20 events):
Event: 923.015 GC heap after
{Heap after GC invocations=102 (full 84):
 garbage-first heap   total 80896K, used 35473K [0x00000000c0000000, 0x0000000100000000)
  region size 1024K, 0 young (0K), 0 survivors (0K)
 Metaspace       used 55517K, committed 56768K, reserved 1114112K
  class space    used 6801K, committed 7296K, reserved 1048576K
}
Event: 933.143 GC heap before
{Heap before GC invocations=102 (full 84):
 garbage-first heap   total 80896K, used 35473K [0x00000000c0000000, 0x0000000100000000)
  region size 1024K, 1 young (1024K), 0 survivors (0K)
 Metaspace       used 55517K, committed 56768K, reserved 1114112K
  class space    used 6801K, committed 7296K, reserved 1048576K
}
Event: 933.177 GC heap after
{Heap after GC invocations=103 (full 85):
 garbage-first heap   total 80896K, used 35473K [0x00000000c0000000, 0x0000000100000000)
  region size 1024K, 0 young (0K), 0 survivors (0K)
 Metaspace       used 55517K, committed 56768K, reserved 1114112K
  class space    used 6801K, committed 7296K, reserved 1048576K
}
Event: 943.302 GC heap before
{Heap before GC invocations=103 (full 85):
 garbage-first heap   total 80896K, used 35473K [0x00000000c0000000, 0x0000000100000000)
  region size 1024K, 1 young (1024K), 0 survivors (0K)
 Metaspace       used 55517K, committed 56768K, reserved 1114112K
  class space    used 6801K, committed 7296K, reserved 1048576K
}
Event: 943.338 GC heap after
{Heap after GC invocations=104 (full 86):
 garbage-first heap   total 80896K, used 35473K [0x00000000c0000000, 0x0000000100000000)
  region size 1024K, 0 young (0K), 0 survivors (0K)
 Metaspace       used 55517K, committed 56768K, reserved 1114112K
  class space    used 6801K, committed 7296K, reserved 1048576K
}
Event: 953.481 GC heap before
{Heap before GC invocations=104 (full 86):
 garbage-first heap   total 80896K, used 35473K [0x00000000c0000000, 0x0000000100000000)
  region size 1024K, 1 young (1024K), 0 survivors (0K)
 Metaspace       used 55517K, committed 56768K, reserved 1114112K
  class space    used 6801K, committed 7296K, reserved 1048576K
}
Event: 953.519 GC heap after
{Heap after GC invocations=105 (full 87):
 garbage-first heap   total 80896K, used 35473K [0x00000000c0000000, 0x0000000100000000)
  region size 1024K, 0 young (0K), 0 survivors (0K)
 Metaspace       used 55517K, committed 56768K, reserved 1114112K
  class space    used 6801K, committed 7296K, reserved 1048576K
}
Event: 964.002 GC heap before
{Heap before GC invocations=105 (full 87):
 garbage-first heap   total 80896K, used 35473K [0x00000000c0000000, 0x0000000100000000)
  region size 1024K, 1 young (1024K), 0 survivors (0K)
 Metaspace       used 55517K, committed 56768K, reserved 1114112K
  class space    used 6801K, committed 7296K, reserved 1048576K
}
Event: 964.057 GC heap after
{Heap after GC invocations=106 (full 88):
 garbage-first heap   total 80896K, used 35473K [0x00000000c0000000, 0x0000000100000000)
  region size 1024K, 0 young (0K), 0 survivors (0K)
 Metaspace       used 55517K, committed 56768K, reserved 1114112K
  class space    used 6801K, committed 7296K, reserved 1048576K
}
Event: 974.190 GC heap before
{Heap before GC invocations=106 (full 88):
 garbage-first heap   total 80896K, used 35473K [0x00000000c0000000, 0x0000000100000000)
  region size 1024K, 1 young (1024K), 0 survivors (0K)
 Metaspace       used 55517K, committed 56768K, reserved 1114112K
  class space    used 6801K, committed 7296K, reserved 1048576K
}
Event: 974.220 GC heap after
{Heap after GC invocations=107 (full 89):
 garbage-first heap   total 80896K, used 35473K [0x00000000c0000000, 0x0000000100000000)
  region size 1024K, 0 young (0K), 0 survivors (0K)
 Metaspace       used 55517K, committed 56768K, reserved 1114112K
  class space    used 6801K, committed 7296K, reserved 1048576K
}
Event: 984.345 GC heap before
{Heap before GC invocations=107 (full 89):
 garbage-first heap   total 80896K, used 35473K [0x00000000c0000000, 0x0000000100000000)
  region size 1024K, 1 young (1024K), 0 survivors (0K)
 Metaspace       used 55517K, committed 56768K, reserved 1114112K
  class space    used 6801K, committed 7296K, reserved 1048576K
}
Event: 984.377 GC heap after
{Heap after GC invocations=108 (full 90):
 garbage-first heap   total 80896K, used 35473K [0x00000000c0000000, 0x0000000100000000)
  region size 1024K, 0 young (0K), 0 survivors (0K)
 Metaspace       used 55517K, committed 56768K, reserved 1114112K
  class space    used 6801K, committed 7296K, reserved 1048576K
}
Event: 994.617 GC heap before
{Heap before GC invocations=108 (full 90):
 garbage-first heap   total 80896K, used 35473K [0x00000000c0000000, 0x0000000100000000)
  region size 1024K, 1 young (1024K), 0 survivors (0K)
 Metaspace       used 55517K, committed 56768K, reserved 1114112K
  class space    used 6801K, committed 7296K, reserved 1048576K
}
Event: 994.662 GC heap after
{Heap after GC invocations=109 (full 91):
 garbage-first heap   total 80896K, used 35473K [0x00000000c0000000, 0x0000000100000000)
  region size 1024K, 0 young (0K), 0 survivors (0K)
 Metaspace       used 55517K, committed 56768K, reserved 1114112K
  class space    used 6801K, committed 7296K, reserved 1048576K
}
Event: 1004.848 GC heap before
{Heap before GC invocations=109 (full 91):
 garbage-first heap   total 80896K, used 35473K [0x00000000c0000000, 0x0000000100000000)
  region size 1024K, 1 young (1024K), 0 survivors (0K)
 Metaspace       used 55517K, committed 56768K, reserved 1114112K
  class space    used 6801K, committed 7296K, reserved 1048576K
}
Event: 1004.891 GC heap after
{Heap after GC invocations=110 (full 92):
 garbage-first heap   total 80896K, used 35473K [0x00000000c0000000, 0x0000000100000000)
  region size 1024K, 0 young (0K), 0 survivors (0K)
 Metaspace       used 55517K, committed 56768K, reserved 1114112K
  class space    used 6801K, committed 7296K, reserved 1048576K
}
Event: 1015.051 GC heap before
{Heap before GC invocations=110 (full 92):
 garbage-first heap   total 80896K, used 35473K [0x00000000c0000000, 0x0000000100000000)
  region size 1024K, 1 young (1024K), 0 survivors (0K)
 Metaspace       used 55517K, committed 56768K, reserved 1114112K
  class space    used 6801K, committed 7296K, reserved 1048576K
}
Event: 1015.093 GC heap after
{Heap after GC invocations=111 (full 93):
 garbage-first heap   total 80896K, used 35473K [0x00000000c0000000, 0x0000000100000000)
  region size 1024K, 0 young (0K), 0 survivors (0K)
 Metaspace       used 55517K, committed 56768K, reserved 1114112K
  class space    used 6801K, committed 7296K, reserved 1048576K
}
Event: 1026.028 GC heap before
{Heap before GC invocations=111 (full 93):
 garbage-first heap   total 80896K, used 35473K [0x00000000c0000000, 0x0000000100000000)
  region size 1024K, 1 young (1024K), 0 survivors (0K)
 Metaspace       used 55517K, committed 56768K, reserved 1114112K
  class space    used 6801K, committed 7296K, reserved 1048576K
}

